Determining if the pthread_create exist failed with the following output:
Change Dir: /home/samuel/RSE_Udacity/RSE_Udacity/myrobot/build/CMakeFiles/CMakeTmp

Run Build Command:"/usr/bin/make" "cmTC_651bf/fast"
/usr/bin/make -f CMakeFiles/cmTC_651bf.dir/build.make CMakeFiles/cmTC_651bf.dir/build
make[1]: Entering directory '/home/samuel/RSE_Udacity/RSE_Udacity/myrobot/build/CMakeFiles/CMakeTmp'
Building C object CMakeFiles/cmTC_651bf.dir/CheckSymbolExists.c.o
/usr/bin/cc    -o CMakeFiles/cmTC_651bf.dir/CheckSymbolExists.c.o   -c /home/samuel/RSE_Udacity/RSE_Udacity/myrobot/build/CMakeFiles/CMakeTmp/CheckSymbolExists.c
Linking C executable cmTC_651bf
/usr/bin/cmake -E cmake_link_script CMakeFiles/cmTC_651bf.dir/link.txt --verbose=1
/usr/bin/cc      -rdynamic CMakeFiles/cmTC_651bf.dir/CheckSymbolExists.c.o  -o cmTC_651bf 
CMakeFiles/cmTC_651bf.dir/CheckSymbolExists.c.o: In function `main':
CheckSymbolExists.c:(.text+0x1b): undefined reference to `pthread_create'
collect2: error: ld returned 1 exit status
CMakeFiles/cmTC_651bf.dir/build.make:97: recipe for target 'cmTC_651bf' failed
make[1]: *** [cmTC_651bf] Error 1
make[1]: Leaving directory '/home/samuel/RSE_Udacity/RSE_Udacity/myrobot/build/CMakeFiles/CMakeTmp'
Makefile:126: recipe for target 'cmTC_651bf/fast' failed
make: *** [cmTC_651bf/fast] Error 2

File /home/samuel/RSE_Udacity/RSE_Udacity/myrobot/build/CMakeFiles/CMakeTmp/CheckSymbolExists.c:
/* */
#include <pthread.h>

int main(int argc, char** argv)
{
  (void)argv;
#ifndef pthread_create
  return ((int*)(&pthread_create))[argc];
#else
  (void)argc;
  return 0;
#endif
}

Determining if the function pthread_create exists in the pthreads failed with the following output:
Change Dir: /home/samuel/RSE_Udacity/RSE_Udacity/myrobot/build/CMakeFiles/CMakeTmp

Run Build Command:"/usr/bin/make" "cmTC_287d2/fast"
/usr/bin/make -f CMakeFiles/cmTC_287d2.dir/build.make CMakeFiles/cmTC_287d2.dir/build
make[1]: Entering directory '/home/samuel/RSE_Udacity/RSE_Udacity/myrobot/build/CMakeFiles/CMakeTmp'
Building C object CMakeFiles/cmTC_287d2.dir/CheckFunctionExists.c.o
/usr/bin/cc   -DCHECK_FUNCTION_EXISTS=pthread_create   -o CMakeFiles/cmTC_287d2.dir/CheckFunctionExists.c.o   -c /usr/share/cmake-3.10/Modules/CheckFunctionExists.c
Linking C executable cmTC_287d2
/usr/bin/cmake -E cmake_link_script CMakeFiles/cmTC_287d2.dir/link.txt --verbose=1
/usr/bin/cc  -DCHECK_FUNCTION_EXISTS=pthread_create    -rdynamic CMakeFiles/cmTC_287d2.dir/CheckFunctionExists.c.o  -o cmTC_287d2 -lpthreads 
/usr/bin/ld: cannot find -lpthreads
collect2: error: ld returned 1 exit status
CMakeFiles/cmTC_287d2.dir/build.make:97: recipe for target 'cmTC_287d2' failed
make[1]: *** [cmTC_287d2] Error 1
make[1]: Leaving directory '/home/samuel/RSE_Udacity/RSE_Udacity/myrobot/build/CMakeFiles/CMakeTmp'
Makefile:126: recipe for target 'cmTC_287d2/fast' failed
make: *** [cmTC_287d2/fast] Error 2


